<?xml version="1.0" encoding="UTF-8"?>
<!-- Generated by org.testng.reporters.JUnitXMLReporter -->
<testsuite ignored="0" hostname="QT-INNO-LT0215" failures="0" tests="5" name="Default test" time="108.877" errors="0" timestamp="2021-11-28T14:04:36 IST">
  <testcase classname="classes.formvalidation" name="verifyPageTitleTest" time="0.153"/>
  <testcase classname="classes.formvalidation" name="submitWithoutFill" time="0.242"/>
  <testcase classname="classes.formvalidation" name="verifyInputFields_hardAssert" time="0.744"/>
  <testcase classname="classes.formvalidation" name="verifyInputFields_SoftAssert" time="0.629"/>
  <testcase classname="classes.formvalidation" name="verifyFillDetails" time="8.13"/>
</testsuite> <!-- Default test -->
