<?xml version="1.0" encoding="UTF-8"?>
<testng-results ignored="0" total="5" passed="5" failed="0" skipped="0">
  <reporter-output>
  </reporter-output>
  <suite started-at="2021-11-28T14:02:47 IST" name="Default suite" finished-at="2021-11-28T14:04:36 IST" duration-ms="108877">
    <groups>
    </groups>
    <test started-at="2021-11-28T14:02:47 IST" name="Default test" finished-at="2021-11-28T14:04:36 IST" duration-ms="108877">
      <class name="classes.formvalidation">
        <test-method is-config="true" signature="setup()[pri:0, instance:classes.formvalidation@59af0466]" started-at="2021-11-28T14:02:47 IST" name="setup" finished-at="2021-11-28T14:02:57 IST" duration-ms="10254" status="PASS">
          <reporter-output>
          </reporter-output>
        </test-method> <!-- setup -->
        <test-method signature="verifyPageTitleTest()[pri:1, instance:classes.formvalidation@59af0466]" started-at="2021-11-28T14:02:57 IST" name="verifyPageTitleTest" finished-at="2021-11-28T14:02:58 IST" duration-ms="153" status="PASS">
          <reporter-output>
          </reporter-output>
        </test-method> <!-- verifyPageTitleTest -->
        <test-method is-config="true" signature="tearDown()[pri:0, instance:classes.formvalidation@59af0466]" started-at="2021-11-28T14:02:58 IST" name="tearDown" finished-at="2021-11-28T14:03:09 IST" duration-ms="11647" status="PASS">
          <reporter-output>
          </reporter-output>
        </test-method> <!-- tearDown -->
        <test-method is-config="true" signature="setup()[pri:0, instance:classes.formvalidation@59af0466]" started-at="2021-11-28T14:03:09 IST" name="setup" finished-at="2021-11-28T14:03:17 IST" duration-ms="8044" status="PASS">
          <reporter-output>
          </reporter-output>
        </test-method> <!-- setup -->
        <test-method signature="submitWithoutFill()[pri:2, instance:classes.formvalidation@59af0466]" started-at="2021-11-28T14:03:17 IST" name="submitWithoutFill" finished-at="2021-11-28T14:03:18 IST" duration-ms="242" status="PASS">
          <reporter-output>
          </reporter-output>
        </test-method> <!-- submitWithoutFill -->
        <test-method is-config="true" signature="tearDown()[pri:0, instance:classes.formvalidation@59af0466]" started-at="2021-11-28T14:03:18 IST" name="tearDown" finished-at="2021-11-28T14:03:29 IST" duration-ms="11182" status="PASS">
          <reporter-output>
          </reporter-output>
        </test-method> <!-- tearDown -->
        <test-method is-config="true" signature="setup()[pri:0, instance:classes.formvalidation@59af0466]" started-at="2021-11-28T14:03:29 IST" name="setup" finished-at="2021-11-28T14:03:37 IST" duration-ms="8407" status="PASS">
          <reporter-output>
          </reporter-output>
        </test-method> <!-- setup -->
        <test-method signature="verifyInputFields_hardAssert()[pri:3, instance:classes.formvalidation@59af0466]" started-at="2021-11-28T14:03:37 IST" name="verifyInputFields_hardAssert" finished-at="2021-11-28T14:03:38 IST" duration-ms="744" status="PASS">
          <reporter-output>
          </reporter-output>
        </test-method> <!-- verifyInputFields_hardAssert -->
        <test-method is-config="true" signature="tearDown()[pri:0, instance:classes.formvalidation@59af0466]" started-at="2021-11-28T14:03:38 IST" name="tearDown" finished-at="2021-11-28T14:03:49 IST" duration-ms="11247" status="PASS">
          <reporter-output>
          </reporter-output>
        </test-method> <!-- tearDown -->
        <test-method is-config="true" signature="setup()[pri:0, instance:classes.formvalidation@59af0466]" started-at="2021-11-28T14:03:49 IST" name="setup" finished-at="2021-11-28T14:03:57 IST" duration-ms="8025" status="PASS">
          <reporter-output>
          </reporter-output>
        </test-method> <!-- setup -->
        <test-method signature="verifyInputFields_SoftAssert()[pri:4, instance:classes.formvalidation@59af0466]" started-at="2021-11-28T14:03:57 IST" name="verifyInputFields_SoftAssert" finished-at="2021-11-28T14:03:58 IST" duration-ms="629" status="PASS">
          <reporter-output>
          </reporter-output>
        </test-method> <!-- verifyInputFields_SoftAssert -->
        <test-method is-config="true" signature="tearDown()[pri:0, instance:classes.formvalidation@59af0466]" started-at="2021-11-28T14:03:58 IST" name="tearDown" finished-at="2021-11-28T14:04:09 IST" duration-ms="11203" status="PASS">
          <reporter-output>
          </reporter-output>
        </test-method> <!-- tearDown -->
        <test-method is-config="true" signature="setup()[pri:0, instance:classes.formvalidation@59af0466]" started-at="2021-11-28T14:04:09 IST" name="setup" finished-at="2021-11-28T14:04:17 IST" duration-ms="7681" status="PASS">
          <reporter-output>
          </reporter-output>
        </test-method> <!-- setup -->
        <test-method signature="verifyFillDetails()[pri:5, instance:classes.formvalidation@59af0466]" started-at="2021-11-28T14:04:17 IST" name="verifyFillDetails" finished-at="2021-11-28T14:04:25 IST" duration-ms="8130" status="PASS">
          <reporter-output>
          </reporter-output>
        </test-method> <!-- verifyFillDetails -->
        <test-method is-config="true" signature="tearDown()[pri:0, instance:classes.formvalidation@59af0466]" started-at="2021-11-28T14:04:25 IST" name="tearDown" finished-at="2021-11-28T14:04:36 IST" duration-ms="11211" status="PASS">
          <reporter-output>
          </reporter-output>
        </test-method> <!-- tearDown -->
      </class> <!-- classes.formvalidation -->
    </test> <!-- Default test -->
  </suite> <!-- Default suite -->
</testng-results>
